Started GET "/" for ::1 at 2023-02-20 21:25:31 -0500

ActiveRecord::NoDatabaseError - We could not find your database: ninety_nine_cats2_long_practice_development. Which can be found in the database configuration file located at config/database.yml.
To resolve this issue:
- Did you create the database for this app, or delete it? You may need to create your database.
- Has the database name changed? Check your database.yml config has the correct database name.
To create your database, run:
        bin/rails db:create:

Started POST "/__better_errors/f09075a6aaa6c17b/variables" for ::1 at 2023-02-20 21:25:31 -0500
  [1m[35m (1087.8ms)[0m  [1m[35mCREATE DATABASE "ninety_nine_cats2_long_practice_development" ENCODING = 'unicode'[0m
  [1m[35m (1024.9ms)[0m  [1m[35mCREATE DATABASE "ninety_nine_cats2_long_practice_test" ENCODING = 'unicode'[0m
  [1m[35m (0.5ms)[0m  [1m[35mCREATE DATABASE "ninety_nine_cats2_long_practice_development" ENCODING = 'unicode'[0m
  [1m[35m (0.3ms)[0m  [1m[35mCREATE DATABASE "ninety_nine_cats2_long_practice_test" ENCODING = 'unicode'[0m
  [1m[35mSQL (0.2ms)[0m  [1m[35mCREATE EXTENSION IF NOT EXISTS "plpgsql"[0m
  [1m[35m (0.1ms)[0m  [1m[35mDROP TABLE IF EXISTS "cat_rental_requests" CASCADE[0m
  [1m[35m (18.4ms)[0m  [1m[35mCREATE TABLE "cat_rental_requests" ("id" bigserial primary key, "cat_id" bigint NOT NULL, "start_date" date NOT NULL, "end_date" date NOT NULL, "status" character varying DEFAULT 'PENDING' NOT NULL, "created_at" timestamp(6) NOT NULL, "updated_at" timestamp(6) NOT NULL, "requester_id" bigint NOT NULL)[0m
  [1m[35m (7.3ms)[0m  [1m[35mCREATE INDEX "index_cat_rental_requests_on_cat_id" ON "cat_rental_requests" ("cat_id")[0m
  [1m[35m (8.1ms)[0m  [1m[35mCREATE INDEX "index_cat_rental_requests_on_requester_id" ON "cat_rental_requests" ("requester_id")[0m
  [1m[35m (0.1ms)[0m  [1m[35mDROP TABLE IF EXISTS "cats" CASCADE[0m
  [1m[35m (17.8ms)[0m  [1m[35mCREATE TABLE "cats" ("id" bigserial primary key, "birth_date" date NOT NULL, "color" character varying NOT NULL, "name" character varying NOT NULL, "sex" character varying(1) NOT NULL, "description" text, "created_at" timestamp(6) NOT NULL, "updated_at" timestamp(6) NOT NULL, "owner_id" bigint NOT NULL)[0m
  [1m[35m (10.1ms)[0m  [1m[35mCREATE INDEX "index_cats_on_owner_id" ON "cats" ("owner_id")[0m
  [1m[35m (0.1ms)[0m  [1m[35mDROP TABLE IF EXISTS "users" CASCADE[0m
  [1m[35m (17.7ms)[0m  [1m[35mCREATE TABLE "users" ("id" bigserial primary key, "username" character varying NOT NULL, "password_digest" character varying NOT NULL, "session_token" character varying NOT NULL, "created_at" timestamp(6) NOT NULL, "updated_at" timestamp(6) NOT NULL)[0m
  [1m[35m (10.1ms)[0m  [1m[35mCREATE UNIQUE INDEX "index_users_on_session_token" ON "users" ("session_token")[0m
  [1m[35m (10.4ms)[0m  [1m[35mCREATE UNIQUE INDEX "index_users_on_username" ON "users" ("username")[0m
  [1m[35m (3.3ms)[0m  [1m[35mALTER TABLE "cat_rental_requests" ADD CONSTRAINT "fk_rails_9c8580551f"
FOREIGN KEY ("cat_id")
  REFERENCES "cats" ("id")
[0m
  [1m[35m (2.9ms)[0m  [1m[35mALTER TABLE "cat_rental_requests" ADD CONSTRAINT "fk_rails_0fb9e0c251"
FOREIGN KEY ("requester_id")
  REFERENCES "users" ("id")
[0m
  [1m[35m (4.2ms)[0m  [1m[35mALTER TABLE "cats" ADD CONSTRAINT "fk_rails_6036dd7f4a"
FOREIGN KEY ("owner_id")
  REFERENCES "users" ("id")
[0m
  [1m[35m (17.9ms)[0m  [1m[35mCREATE TABLE "schema_migrations" ("version" character varying NOT NULL PRIMARY KEY)[0m
  [1m[36mActiveRecord::SchemaMigration Pluck (0.2ms)[0m  [1m[34mSELECT "schema_migrations"."version" FROM "schema_migrations" ORDER BY "schema_migrations"."version" ASC[0m
  [1m[35m (3.4ms)[0m  [1m[32mINSERT INTO "schema_migrations" (version) VALUES (20220618214048)[0m
  [1m[35m (3.3ms)[0m  [1m[32mINSERT INTO "schema_migrations" (version) VALUES
(20220301202033),
(20220302053135),
(20220610145144),
(20220610214850);

[0m
  [1m[35m (17.0ms)[0m  [1m[35mCREATE TABLE "ar_internal_metadata" ("key" character varying NOT NULL PRIMARY KEY, "value" character varying, "created_at" timestamp(6) NOT NULL, "updated_at" timestamp(6) NOT NULL)[0m
  [1m[36mActiveRecord::InternalMetadata Load (0.2ms)[0m  [1m[34mSELECT "ar_internal_metadata".* FROM "ar_internal_metadata" WHERE "ar_internal_metadata"."key" = $1 LIMIT $2[0m  [["key", "environment"], ["LIMIT", 1]]
  [1m[36mTRANSACTION (0.1ms)[0m  [1m[35mBEGIN[0m
  [1m[36mActiveRecord::InternalMetadata Create (0.3ms)[0m  [1m[32mINSERT INTO "ar_internal_metadata" ("key", "value", "created_at", "updated_at") VALUES ($1, $2, $3, $4) RETURNING "key"[0m  [["key", "environment"], ["value", "development"], ["created_at", "2023-02-21 02:26:16.569782"], ["updated_at", "2023-02-21 02:26:16.569782"]]
  [1m[36mTRANSACTION (3.3ms)[0m  [1m[35mCOMMIT[0m
  [1m[36mActiveRecord::InternalMetadata Load (0.1ms)[0m  [1m[34mSELECT "ar_internal_metadata".* FROM "ar_internal_metadata" WHERE "ar_internal_metadata"."key" = $1 LIMIT $2[0m  [["key", "environment"], ["LIMIT", 1]]
  [1m[36mActiveRecord::InternalMetadata Load (0.1ms)[0m  [1m[34mSELECT "ar_internal_metadata".* FROM "ar_internal_metadata" WHERE "ar_internal_metadata"."key" = $1 LIMIT $2[0m  [["key", "schema_sha1"], ["LIMIT", 1]]
  [1m[36mTRANSACTION (0.1ms)[0m  [1m[35mBEGIN[0m
  [1m[36mActiveRecord::InternalMetadata Create (0.3ms)[0m  [1m[32mINSERT INTO "ar_internal_metadata" ("key", "value", "created_at", "updated_at") VALUES ($1, $2, $3, $4) RETURNING "key"[0m  [["key", "schema_sha1"], ["value", "5fc630daf9839ba78eb4c9f20904a55cf1d7e15d"], ["created_at", "2023-02-21 02:26:16.578421"], ["updated_at", "2023-02-21 02:26:16.578421"]]
  [1m[36mTRANSACTION (3.4ms)[0m  [1m[35mCOMMIT[0m
  [1m[35mSQL (0.2ms)[0m  [1m[35mCREATE EXTENSION IF NOT EXISTS "plpgsql"[0m
  [1m[35m (0.1ms)[0m  [1m[35mDROP TABLE IF EXISTS "cat_rental_requests" CASCADE[0m
  [1m[35m (19.0ms)[0m  [1m[35mCREATE TABLE "cat_rental_requests" ("id" bigserial primary key, "cat_id" bigint NOT NULL, "start_date" date NOT NULL, "end_date" date NOT NULL, "status" character varying DEFAULT 'PENDING' NOT NULL, "created_at" timestamp(6) NOT NULL, "updated_at" timestamp(6) NOT NULL, "requester_id" bigint NOT NULL)[0m
  [1m[35m (6.5ms)[0m  [1m[35mCREATE INDEX "index_cat_rental_requests_on_cat_id" ON "cat_rental_requests" ("cat_id")[0m
  [1m[35m (6.9ms)[0m  [1m[35mCREATE INDEX "index_cat_rental_requests_on_requester_id" ON "cat_rental_requests" ("requester_id")[0m
  [1m[35m (0.1ms)[0m  [1m[35mDROP TABLE IF EXISTS "cats" CASCADE[0m
  [1m[35m (13.5ms)[0m  [1m[35mCREATE TABLE "cats" ("id" bigserial primary key, "birth_date" date NOT NULL, "color" character varying NOT NULL, "name" character varying NOT NULL, "sex" character varying(1) NOT NULL, "description" text, "created_at" timestamp(6) NOT NULL, "updated_at" timestamp(6) NOT NULL, "owner_id" bigint NOT NULL)[0m
  [1m[35m (10.1ms)[0m  [1m[35mCREATE INDEX "index_cats_on_owner_id" ON "cats" ("owner_id")[0m
  [1m[35m (0.1ms)[0m  [1m[35mDROP TABLE IF EXISTS "users" CASCADE[0m
  [1m[35m (17.9ms)[0m  [1m[35mCREATE TABLE "users" ("id" bigserial primary key, "username" character varying NOT NULL, "password_digest" character varying NOT NULL, "session_token" character varying NOT NULL, "created_at" timestamp(6) NOT NULL, "updated_at" timestamp(6) NOT NULL)[0m
  [1m[35m (10.8ms)[0m  [1m[35mCREATE UNIQUE INDEX "index_users_on_session_token" ON "users" ("session_token")[0m
  [1m[35m (10.2ms)[0m  [1m[35mCREATE UNIQUE INDEX "index_users_on_username" ON "users" ("username")[0m
  [1m[35m (4.0ms)[0m  [1m[35mALTER TABLE "cat_rental_requests" ADD CONSTRAINT "fk_rails_9c8580551f"
FOREIGN KEY ("cat_id")
  REFERENCES "cats" ("id")
[0m
  [1m[35m (2.8ms)[0m  [1m[35mALTER TABLE "cat_rental_requests" ADD CONSTRAINT "fk_rails_0fb9e0c251"
FOREIGN KEY ("requester_id")
  REFERENCES "users" ("id")
[0m
  [1m[35m (2.5ms)[0m  [1m[35mALTER TABLE "cats" ADD CONSTRAINT "fk_rails_6036dd7f4a"
FOREIGN KEY ("owner_id")
  REFERENCES "users" ("id")
[0m
  [1m[35m (13.6ms)[0m  [1m[35mCREATE TABLE "schema_migrations" ("version" character varying NOT NULL PRIMARY KEY)[0m
  [1m[36mActiveRecord::SchemaMigration Pluck (0.2ms)[0m  [1m[34mSELECT "schema_migrations"."version" FROM "schema_migrations" ORDER BY "schema_migrations"."version" ASC[0m
  [1m[35m (3.4ms)[0m  [1m[32mINSERT INTO "schema_migrations" (version) VALUES (20220618214048)[0m
  [1m[35m (3.4ms)[0m  [1m[32mINSERT INTO "schema_migrations" (version) VALUES
(20220301202033),
(20220302053135),
(20220610145144),
(20220610214850);

[0m
  [1m[35m (17.9ms)[0m  [1m[35mCREATE TABLE "ar_internal_metadata" ("key" character varying NOT NULL PRIMARY KEY, "value" character varying, "created_at" timestamp(6) NOT NULL, "updated_at" timestamp(6) NOT NULL)[0m
  [1m[36mActiveRecord::InternalMetadata Load (0.2ms)[0m  [1m[34mSELECT "ar_internal_metadata".* FROM "ar_internal_metadata" WHERE "ar_internal_metadata"."key" = $1 LIMIT $2[0m  [["key", "environment"], ["LIMIT", 1]]
  [1m[36mTRANSACTION (0.1ms)[0m  [1m[35mBEGIN[0m
  [1m[36mActiveRecord::InternalMetadata Create (0.2ms)[0m  [1m[32mINSERT INTO "ar_internal_metadata" ("key", "value", "created_at", "updated_at") VALUES ($1, $2, $3, $4) RETURNING "key"[0m  [["key", "environment"], ["value", "development"], ["created_at", "2023-02-21 02:26:16.755962"], ["updated_at", "2023-02-21 02:26:16.755962"]]
  [1m[36mTRANSACTION (3.5ms)[0m  [1m[35mCOMMIT[0m
  [1m[36mActiveRecord::InternalMetadata Load (0.4ms)[0m  [1m[34mSELECT "ar_internal_metadata".* FROM "ar_internal_metadata" WHERE "ar_internal_metadata"."key" = $1 LIMIT $2[0m  [["key", "environment"], ["LIMIT", 1]]
  [1m[36mTRANSACTION (0.1ms)[0m  [1m[35mBEGIN[0m
  [1m[36mActiveRecord::InternalMetadata Update (0.2ms)[0m  [1m[33mUPDATE "ar_internal_metadata" SET "value" = $1, "updated_at" = $2 WHERE "ar_internal_metadata"."key" = $3[0m  [["value", "test"], ["updated_at", "2023-02-21 02:26:16.763219"], ["key", "environment"]]
  [1m[36mTRANSACTION (3.3ms)[0m  [1m[35mCOMMIT[0m
  [1m[36mActiveRecord::InternalMetadata Load (0.1ms)[0m  [1m[34mSELECT "ar_internal_metadata".* FROM "ar_internal_metadata" WHERE "ar_internal_metadata"."key" = $1 LIMIT $2[0m  [["key", "schema_sha1"], ["LIMIT", 1]]
  [1m[36mTRANSACTION (0.1ms)[0m  [1m[35mBEGIN[0m
  [1m[36mActiveRecord::InternalMetadata Create (0.1ms)[0m  [1m[32mINSERT INTO "ar_internal_metadata" ("key", "value", "created_at", "updated_at") VALUES ($1, $2, $3, $4) RETURNING "key"[0m  [["key", "schema_sha1"], ["value", "5fc630daf9839ba78eb4c9f20904a55cf1d7e15d"], ["created_at", "2023-02-21 02:26:16.769515"], ["updated_at", "2023-02-21 02:26:16.769515"]]
  [1m[36mTRANSACTION (3.3ms)[0m  [1m[35mCOMMIT[0m
  [1m[36mActiveRecord::SchemaMigration Pluck (0.3ms)[0m  [1m[34mSELECT "schema_migrations"."version" FROM "schema_migrations" ORDER BY "schema_migrations"."version" ASC[0m
Started GET "/" for ::1 at 2023-02-20 21:26:22 -0500
  [1m[36mActiveRecord::SchemaMigration Pluck (0.6ms)[0m  [1m[34mSELECT "schema_migrations"."version" FROM "schema_migrations" ORDER BY "schema_migrations"."version" ASC[0m
Processing by CatsController#index as HTML
  Rendering layout layouts/application.html.erb
  Rendering cats/index.html.erb within layouts/application
  [1m[36mCat Load (0.4ms)[0m  [1m[34mSELECT "cats".* FROM "cats"[0m
  ↳ app/views/cats/index.html.erb:14
  Rendered cats/index.html.erb within layouts/application (Duration: 2.9ms | Allocations: 1482)
  Rendered layout layouts/application.html.erb (Duration: 14.8ms | Allocations: 10122)
Completed 200 OK in 25ms (Views: 20.5ms | ActiveRecord: 0.4ms | Allocations: 15233)


Started GET "/session/new" for ::1 at 2023-02-20 21:26:25 -0500
Processing by SessionsController#new as HTML
  Rendering layout layouts/application.html.erb
  Rendering sessions/new.html.erb within layouts/application
  Rendered shared/_errors.html.erb (Duration: 0.2ms | Allocations: 217)
  Rendered sessions/new.html.erb within layouts/application (Duration: 0.9ms | Allocations: 680)
  Rendered layout layouts/application.html.erb (Duration: 2.1ms | Allocations: 2004)
Completed 200 OK in 3ms (Views: 2.7ms | ActiveRecord: 0.0ms | Allocations: 2956)


Started GET "/users/new" for ::1 at 2023-02-20 21:26:28 -0500
Processing by UsersController#new as HTML
  Rendering layout layouts/application.html.erb
  Rendering users/new.html.erb within layouts/application
  Rendered shared/_errors.html.erb (Duration: 0.1ms | Allocations: 43)
  Rendered users/new.html.erb within layouts/application (Duration: 0.8ms | Allocations: 464)
  Rendered layout layouts/application.html.erb (Duration: 2.0ms | Allocations: 1789)
Completed 200 OK in 12ms (Views: 2.8ms | ActiveRecord: 2.5ms | Allocations: 7649)


Started POST "/users" for ::1 at 2023-02-20 21:26:37 -0500
Processing by UsersController#create as HTML
  Parameters: {"authenticity_token"=>"[FILTERED]", "user"=>{"username"=>"insanopatato", "password"=>"[FILTERED]"}}
  [1m[36mTRANSACTION (0.1ms)[0m  [1m[35mBEGIN[0m
  ↳ app/models/user.rb:68:in `block in generate_unique_session_token'
  [1m[36mUser Exists? (0.3ms)[0m  [1m[34mSELECT 1 AS one FROM "users" WHERE "users"."session_token" = $1 LIMIT $2[0m  [["session_token", "[FILTERED]"], ["LIMIT", 1]]
  ↳ app/models/user.rb:68:in `block in generate_unique_session_token'
  [1m[36mUser Exists? (0.2ms)[0m  [1m[34mSELECT 1 AS one FROM "users" WHERE "users"."username" = $1 LIMIT $2[0m  [["username", "insanopatato"], ["LIMIT", 1]]
  ↳ app/controllers/users_controller.rb:6:in `create'
  [1m[36mCACHE User Exists? (0.0ms)[0m  [1m[34mSELECT 1 AS one FROM "users" WHERE "users"."session_token" = $1 LIMIT $2[0m  [["session_token", "[FILTERED]"], ["LIMIT", 1]]
  ↳ app/controllers/users_controller.rb:6:in `create'
  [1m[36mUser Create (0.5ms)[0m  [1m[32mINSERT INTO "users" ("username", "password_digest", "session_token", "created_at", "updated_at") VALUES ($1, $2, $3, $4, $5) RETURNING "id"[0m  [["username", "insanopatato"], ["password_digest", "[FILTERED]"], ["session_token", "[FILTERED]"], ["created_at", "2023-02-21 02:26:37.685779"], ["updated_at", "2023-02-21 02:26:37.685779"]]
  ↳ app/controllers/users_controller.rb:6:in `create'
  [1m[36mTRANSACTION (2.6ms)[0m  [1m[35mCOMMIT[0m
  ↳ app/controllers/users_controller.rb:6:in `create'
  [1m[36mUser Exists? (0.3ms)[0m  [1m[34mSELECT 1 AS one FROM "users" WHERE "users"."session_token" = $1 LIMIT $2[0m  [["session_token", "[FILTERED]"], ["LIMIT", 1]]
  ↳ app/models/user.rb:68:in `block in generate_unique_session_token'
  [1m[36mTRANSACTION (0.1ms)[0m  [1m[35mBEGIN[0m
  ↳ app/models/user.rb:53:in `reset_session_token!'
  [1m[36mUser Exists? (0.3ms)[0m  [1m[34mSELECT 1 AS one FROM "users" WHERE "users"."username" = $1 AND "users"."id" != $2 LIMIT $3[0m  [["username", "insanopatato"], ["id", 1], ["LIMIT", 1]]
  ↳ app/models/user.rb:53:in `reset_session_token!'
  [1m[36mUser Exists? (0.3ms)[0m  [1m[34mSELECT 1 AS one FROM "users" WHERE "users"."session_token" = $1 AND "users"."id" != $2 LIMIT $3[0m  [["session_token", "[FILTERED]"], ["id", 1], ["LIMIT", 1]]
  ↳ app/models/user.rb:53:in `reset_session_token!'
  [1m[36mUser Update (0.4ms)[0m  [1m[33mUPDATE "users" SET "session_token" = $1, "updated_at" = $2 WHERE "users"."id" = $3[0m  [["session_token", "[FILTERED]"], ["updated_at", "2023-02-21 02:26:37.696477"], ["id", 1]]
  ↳ app/models/user.rb:53:in `reset_session_token!'
  [1m[36mTRANSACTION (2.6ms)[0m  [1m[35mCOMMIT[0m
  ↳ app/models/user.rb:53:in `reset_session_token!'
Redirected to http://localhost:3000/cats
Completed 302 Found in 202ms (ActiveRecord: 7.8ms | Allocations: 12993)


Started GET "/cats" for ::1 at 2023-02-20 21:26:37 -0500
Processing by CatsController#index as HTML
  Rendering layout layouts/application.html.erb
  Rendering cats/index.html.erb within layouts/application
  [1m[36mCat Load (0.2ms)[0m  [1m[34mSELECT "cats".* FROM "cats"[0m
  ↳ app/views/cats/index.html.erb:14
  Rendered cats/index.html.erb within layouts/application (Duration: 1.4ms | Allocations: 645)
  [1m[36mUser Load (0.3ms)[0m  [1m[34mSELECT "users".* FROM "users" WHERE "users"."session_token" = $1 LIMIT $2[0m  [["session_token", "[FILTERED]"], ["LIMIT", 1]]
  ↳ app/controllers/application_controller.rb:9:in `current_user'
  Rendered layout layouts/application.html.erb (Duration: 5.0ms | Allocations: 2929)
Completed 200 OK in 6ms (Views: 4.8ms | ActiveRecord: 0.6ms | Allocations: 3193)


Started GET "/cats/new" for ::1 at 2023-02-20 21:26:42 -0500
Processing by CatsController#new as HTML
  [1m[36mUser Load (0.2ms)[0m  [1m[34mSELECT "users".* FROM "users" WHERE "users"."session_token" = $1 LIMIT $2[0m  [["session_token", "[FILTERED]"], ["LIMIT", 1]]
  ↳ app/controllers/application_controller.rb:9:in `current_user'
  Rendering layout layouts/application.html.erb
  Rendering cats/new.html.erb within layouts/application
  Rendered shared/_errors.html.erb (Duration: 0.1ms | Allocations: 38)
  Rendered cats/_form.html.erb (Duration: 0.6ms | Allocations: 547)
  Rendered cats/new.html.erb within layouts/application (Duration: 1.4ms | Allocations: 940)
  Rendered layout layouts/application.html.erb (Duration: 3.2ms | Allocations: 2078)
Completed 200 OK in 11ms (Views: 3.9ms | ActiveRecord: 2.0ms | Allocations: 6887)


Started GET "/" for ::1 at 2023-02-20 21:35:39 -0500
Processing by CatsController#index as HTML
  Rendering layout layouts/application.html.erb
  Rendering cats/index.html.erb within layouts/application
  [1m[36mCat Load (0.4ms)[0m  [1m[34mSELECT "cats".* FROM "cats"[0m
  ↳ app/views/cats/index.html.erb:14
  Rendered cats/index.html.erb within layouts/application (Duration: 10.3ms | Allocations: 3937)
  [1m[36mUser Load (0.4ms)[0m  [1m[34mSELECT "users".* FROM "users" WHERE "users"."session_token" = $1 LIMIT $2[0m  [["session_token", "[FILTERED]"], ["LIMIT", 1]]
  ↳ app/controllers/application_controller.rb:9:in `current_user'
  Rendered layout layouts/application.html.erb (Duration: 15.9ms | Allocations: 6446)
Completed 200 OK in 17ms (Views: 17.0ms | ActiveRecord: 5.3ms | Allocations: 7142)


Started DELETE "/session" for ::1 at 2023-02-20 21:35:47 -0500
Processing by SessionsController#destroy as HTML
  Parameters: {"authenticity_token"=>"[FILTERED]"}
  [1m[36mUser Load (0.3ms)[0m  [1m[34mSELECT "users".* FROM "users" WHERE "users"."session_token" = $1 LIMIT $2[0m  [["session_token", "[FILTERED]"], ["LIMIT", 1]]
  ↳ app/controllers/application_controller.rb:9:in `current_user'
  [1m[36mUser Exists? (0.3ms)[0m  [1m[34mSELECT 1 AS one FROM "users" WHERE "users"."session_token" = $1 LIMIT $2[0m  [["session_token", "[FILTERED]"], ["LIMIT", 1]]
  ↳ app/models/user.rb:68:in `block in generate_unique_session_token'
  [1m[36mTRANSACTION (0.1ms)[0m  [1m[35mBEGIN[0m
  ↳ app/models/user.rb:53:in `reset_session_token!'
  [1m[36mUser Exists? (0.4ms)[0m  [1m[34mSELECT 1 AS one FROM "users" WHERE "users"."username" = $1 AND "users"."id" != $2 LIMIT $3[0m  [["username", "insanopatato"], ["id", 1], ["LIMIT", 1]]
  ↳ app/models/user.rb:53:in `reset_session_token!'
  [1m[36mUser Exists? (0.2ms)[0m  [1m[34mSELECT 1 AS one FROM "users" WHERE "users"."session_token" = $1 AND "users"."id" != $2 LIMIT $3[0m  [["session_token", "[FILTERED]"], ["id", 1], ["LIMIT", 1]]
  ↳ app/models/user.rb:53:in `reset_session_token!'
  [1m[36mUser Update (0.3ms)[0m  [1m[33mUPDATE "users" SET "session_token" = $1, "updated_at" = $2 WHERE "users"."id" = $3[0m  [["session_token", "[FILTERED]"], ["updated_at", "2023-02-21 02:35:47.073870"], ["id", 1]]
  ↳ app/models/user.rb:53:in `reset_session_token!'
  [1m[36mTRANSACTION (4.2ms)[0m  [1m[35mCOMMIT[0m
  ↳ app/models/user.rb:53:in `reset_session_token!'
Redirected to http://localhost:3000/session/new
Completed 302 Found in 13ms (ActiveRecord: 5.9ms | Allocations: 5031)


Started GET "/session/new" for ::1 at 2023-02-20 21:35:47 -0500
Processing by SessionsController#new as HTML
  Rendering layout layouts/application.html.erb
  Rendering sessions/new.html.erb within layouts/application
  Rendered shared/_errors.html.erb (Duration: 0.2ms | Allocations: 198)
  Rendered sessions/new.html.erb within layouts/application (Duration: 0.9ms | Allocations: 624)
  Rendered layout layouts/application.html.erb (Duration: 2.2ms | Allocations: 1948)
Completed 200 OK in 3ms (Views: 2.9ms | ActiveRecord: 0.0ms | Allocations: 2630)


Started GET "/users/new" for ::1 at 2023-02-20 21:35:55 -0500
Processing by UsersController#new as HTML
  Rendering layout layouts/application.html.erb
  Rendering users/new.html.erb within layouts/application
  Rendered shared/_errors.html.erb (Duration: 0.0ms | Allocations: 42)
  Rendered users/new.html.erb within layouts/application (Duration: 0.6ms | Allocations: 438)
  Rendered layout layouts/application.html.erb (Duration: 1.9ms | Allocations: 1756)
Completed 200 OK in 3ms (Views: 2.6ms | ActiveRecord: 0.0ms | Allocations: 2518)


Started GET "/users/new" for ::1 at 2023-02-20 21:35:57 -0500
Processing by UsersController#new as HTML
  Rendering layout layouts/application.html.erb
  Rendering users/new.html.erb within layouts/application
  Rendered shared/_errors.html.erb (Duration: 0.0ms | Allocations: 29)
  Rendered users/new.html.erb within layouts/application (Duration: 0.4ms | Allocations: 167)
  Rendered layout layouts/application.html.erb (Duration: 1.7ms | Allocations: 1303)
Completed 200 OK in 3ms (Views: 2.0ms | ActiveRecord: 0.0ms | Allocations: 1768)


Started POST "/users" for ::1 at 2023-02-20 21:36:04 -0500
Processing by UsersController#create as HTML
  Parameters: {"user"=>{"username"=>"asdfasdfasdf", "password"=>"[FILTERED]"}}
  [1m[36mTRANSACTION (0.1ms)[0m  [1m[35mBEGIN[0m
  ↳ app/models/user.rb:68:in `block in generate_unique_session_token'
  [1m[36mUser Exists? (0.3ms)[0m  [1m[34mSELECT 1 AS one FROM "users" WHERE "users"."session_token" = $1 LIMIT $2[0m  [["session_token", "[FILTERED]"], ["LIMIT", 1]]
  ↳ app/models/user.rb:68:in `block in generate_unique_session_token'
  [1m[36mUser Exists? (0.2ms)[0m  [1m[34mSELECT 1 AS one FROM "users" WHERE "users"."username" = $1 LIMIT $2[0m  [["username", "asdfasdfasdf"], ["LIMIT", 1]]
  ↳ app/controllers/users_controller.rb:6:in `create'
  [1m[36mCACHE User Exists? (0.0ms)[0m  [1m[34mSELECT 1 AS one FROM "users" WHERE "users"."session_token" = $1 LIMIT $2[0m  [["session_token", "[FILTERED]"], ["LIMIT", 1]]
  ↳ app/controllers/users_controller.rb:6:in `create'
  [1m[36mUser Create (0.4ms)[0m  [1m[32mINSERT INTO "users" ("username", "password_digest", "session_token", "created_at", "updated_at") VALUES ($1, $2, $3, $4, $5) RETURNING "id"[0m  [["username", "asdfasdfasdf"], ["password_digest", "[FILTERED]"], ["session_token", "[FILTERED]"], ["created_at", "2023-02-21 02:36:04.208432"], ["updated_at", "2023-02-21 02:36:04.208432"]]
  ↳ app/controllers/users_controller.rb:6:in `create'
  [1m[36mTRANSACTION (3.4ms)[0m  [1m[35mCOMMIT[0m
  ↳ app/controllers/users_controller.rb:6:in `create'
  [1m[36mUser Exists? (0.5ms)[0m  [1m[34mSELECT 1 AS one FROM "users" WHERE "users"."session_token" = $1 LIMIT $2[0m  [["session_token", "[FILTERED]"], ["LIMIT", 1]]
  ↳ app/models/user.rb:68:in `block in generate_unique_session_token'
  [1m[36mTRANSACTION (0.1ms)[0m  [1m[35mBEGIN[0m
  ↳ app/models/user.rb:53:in `reset_session_token!'
  [1m[36mUser Exists? (0.3ms)[0m  [1m[34mSELECT 1 AS one FROM "users" WHERE "users"."username" = $1 AND "users"."id" != $2 LIMIT $3[0m  [["username", "asdfasdfasdf"], ["id", 2], ["LIMIT", 1]]
  ↳ app/models/user.rb:53:in `reset_session_token!'
  [1m[36mUser Exists? (0.2ms)[0m  [1m[34mSELECT 1 AS one FROM "users" WHERE "users"."session_token" = $1 AND "users"."id" != $2 LIMIT $3[0m  [["session_token", "[FILTERED]"], ["id", 2], ["LIMIT", 1]]
  ↳ app/models/user.rb:53:in `reset_session_token!'
  [1m[36mUser Update (0.2ms)[0m  [1m[33mUPDATE "users" SET "session_token" = $1, "updated_at" = $2 WHERE "users"."id" = $3[0m  [["session_token", "[FILTERED]"], ["updated_at", "2023-02-21 02:36:04.219120"], ["id", 2]]
  ↳ app/models/user.rb:53:in `reset_session_token!'
  [1m[36mTRANSACTION (2.4ms)[0m  [1m[35mCOMMIT[0m
  ↳ app/models/user.rb:53:in `reset_session_token!'
Redirected to http://localhost:3000/cats
Completed 302 Found in 207ms (ActiveRecord: 8.2ms | Allocations: 8346)


Started GET "/cats" for ::1 at 2023-02-20 21:36:04 -0500
Processing by CatsController#index as HTML
  Rendering layout layouts/application.html.erb
  Rendering cats/index.html.erb within layouts/application
  [1m[36mCat Load (0.2ms)[0m  [1m[34mSELECT "cats".* FROM "cats"[0m
  ↳ app/views/cats/index.html.erb:14
  Rendered cats/index.html.erb within layouts/application (Duration: 1.4ms | Allocations: 640)
  [1m[36mUser Load (0.2ms)[0m  [1m[34mSELECT "users".* FROM "users" WHERE "users"."session_token" = $1 LIMIT $2[0m  [["session_token", "[FILTERED]"], ["LIMIT", 1]]
  ↳ app/controllers/application_controller.rb:9:in `current_user'
  Rendered layout layouts/application.html.erb (Duration: 4.4ms | Allocations: 2544)
Completed 200 OK in 5ms (Views: 4.4ms | ActiveRecord: 0.5ms | Allocations: 2761)


Started GET "/cats" for ::1 at 2023-02-20 21:36:14 -0500
Processing by CatsController#index as HTML
  Rendering layout layouts/application.html.erb
  Rendering cats/index.html.erb within layouts/application
  [1m[36mCat Load (0.2ms)[0m  [1m[34mSELECT "cats".* FROM "cats"[0m
  ↳ app/views/cats/index.html.erb:14
  Rendered cats/index.html.erb within layouts/application (Duration: 1.3ms | Allocations: 638)
  [1m[36mUser Load (0.4ms)[0m  [1m[34mSELECT "users".* FROM "users" WHERE "users"."session_token" = $1 LIMIT $2[0m  [["session_token", "[FILTERED]"], ["LIMIT", 1]]
  ↳ app/controllers/application_controller.rb:9:in `current_user'
  Rendered layout layouts/application.html.erb (Duration: 4.5ms | Allocations: 2507)
Completed 200 OK in 5ms (Views: 4.4ms | ActiveRecord: 0.6ms | Allocations: 2722)


Started GET "/users/new" for ::1 at 2023-02-20 21:36:18 -0500
Processing by UsersController#new as HTML
  [1m[36mUser Load (0.2ms)[0m  [1m[34mSELECT "users".* FROM "users" WHERE "users"."session_token" = $1 LIMIT $2[0m  [["session_token", "[FILTERED]"], ["LIMIT", 1]]
  ↳ app/controllers/application_controller.rb:9:in `current_user'
Redirected to http://localhost:3000/cats
Filter chain halted as :require_logged_out rendered or redirected
Completed 302 Found in 2ms (ActiveRecord: 0.2ms | Allocations: 864)


Started GET "/cats" for ::1 at 2023-02-20 21:36:18 -0500
Processing by CatsController#index as HTML
  Rendering layout layouts/application.html.erb
  Rendering cats/index.html.erb within layouts/application
  [1m[36mCat Load (0.2ms)[0m  [1m[34mSELECT "cats".* FROM "cats"[0m
  ↳ app/views/cats/index.html.erb:14
  Rendered cats/index.html.erb within layouts/application (Duration: 1.3ms | Allocations: 630)
  [1m[36mUser Load (0.5ms)[0m  [1m[34mSELECT "users".* FROM "users" WHERE "users"."session_token" = $1 LIMIT $2[0m  [["session_token", "[FILTERED]"], ["LIMIT", 1]]
  ↳ app/controllers/application_controller.rb:9:in `current_user'
  Rendered layout layouts/application.html.erb (Duration: 4.4ms | Allocations: 2498)
Completed 200 OK in 5ms (Views: 4.1ms | ActiveRecord: 0.8ms | Allocations: 2710)


Started GET "/users" for ::1 at 2023-02-20 21:36:24 -0500
  
ActionController::RoutingError (No route matches [GET] "/users"):
  
Started GET "/cats/11" for ::1 at 2023-02-20 21:36:29 -0500
Processing by CatsController#show as HTML
  Parameters: {"id"=>"11"}
  [1m[36mCat Load (0.2ms)[0m  [1m[34mSELECT "cats".* FROM "cats" WHERE "cats"."id" = $1 LIMIT $2[0m  [["id", 11], ["LIMIT", 1]]
  ↳ app/controllers/cats_controller.rb:11:in `show'
Completed 404 Not Found in 3ms (ActiveRecord: 0.2ms | Allocations: 2037)



ActiveRecord::RecordNotFound - Couldn't find Cat with 'id'=11:
  app/controllers/cats_controller.rb:11:in `show'

Started POST "/__better_errors/f656a2b082674352/variables" for ::1 at 2023-02-20 21:36:29 -0500
Started GET "/cats/1" for ::1 at 2023-02-20 21:36:34 -0500
Processing by CatsController#show as HTML
  Parameters: {"id"=>"1"}
  [1m[36mCat Load (0.2ms)[0m  [1m[34mSELECT "cats".* FROM "cats" WHERE "cats"."id" = $1 LIMIT $2[0m  [["id", 1], ["LIMIT", 1]]
  ↳ app/controllers/cats_controller.rb:11:in `show'
Completed 404 Not Found in 2ms (ActiveRecord: 0.2ms | Allocations: 1132)



ActiveRecord::RecordNotFound - Couldn't find Cat with 'id'=1:
  app/controllers/cats_controller.rb:11:in `show'

Started POST "/__better_errors/d80ed775ccaf6b0b/variables" for ::1 at 2023-02-20 21:36:34 -0500
Started POST "/__better_errors/f656a2b082674352/variables" for ::1 at 2023-02-20 21:36:37 -0500
Started GET "/" for ::1 at 2023-02-20 21:41:30 -0500
Processing by CatsController#index as HTML
  Rendering layout layouts/application.html.erb
  Rendering cats/index.html.erb within layouts/application
  [1m[36mCat Load (0.2ms)[0m  [1m[34mSELECT "cats".* FROM "cats"[0m
  ↳ app/views/cats/index.html.erb:14
  Rendered cats/index.html.erb within layouts/application (Duration: 1.7ms | Allocations: 981)
  [1m[36mUser Load (0.2ms)[0m  [1m[34mSELECT "users".* FROM "users" WHERE "users"."session_token" = $1 LIMIT $2[0m  [["session_token", "[FILTERED]"], ["LIMIT", 1]]
  ↳ app/controllers/application_controller.rb:9:in `current_user'
  Rendered layout layouts/application.html.erb (Duration: 4.5ms | Allocations: 3458)
Completed 200 OK in 6ms (Views: 5.2ms | ActiveRecord: 0.4ms | Allocations: 4170)


Started GET "/" for ::1 at 2023-02-20 21:46:24 -0500
Processing by CatsController#index as HTML
  Rendering layout layouts/application.html.erb
  Rendering cats/index.html.erb within layouts/application
  [1m[36mCat Load (0.2ms)[0m  [1m[34mSELECT "cats".* FROM "cats"[0m
  ↳ app/views/cats/index.html.erb:14
  Rendered cats/index.html.erb within layouts/application (Duration: 1.7ms | Allocations: 1033)
  Rendered layout layouts/application.html.erb (Duration: 5.6ms | Allocations: 3595)
Completed 500 Internal Server Error in 7ms (ActiveRecord: 0.2ms | Allocations: 4305)



ActionView::SyntaxErrorInTemplate - Encountered a syntax error while rendering template: check <!DOCTYPE html>
<html>
  <head>
    <title>99 Cats</title>
    <link href="https://maxcdn.bootstrapcdn.com/font-awesome/4.7.0/css/font-awesome.min.css" rel="stylesheet" integrity="sha384-wvfXpqpZZVQGK6TAh5PVlGOfQNHSoD2xbE+QkPxCAFlNEevoEH3Sl0sibVcOQVnN" crossorigin="anonymous">
    <link href="https://fonts.googleapis.com/css?family=Amatic+SC:400,700" rel="stylesheet">
    <meta name="viewport" content="width=device-width,initial-scale=1">
    <%= csrf_meta_tags %>
    <%= csp_meta_tag %>
    <%= stylesheet_link_tag "application" %>
  </head>
  <body>
    <nav class="main-nav">
      <h1><a href="<%= cats_url %>">99 Cats</a></h1>
      <div>
        <% if current_user.nil? %>
          <a href="<%= new_session_url %>">Sign in</a>
          <a href="<%= new_user_url %>">Sign up</a>
        <% else %>
          <%= current_user.username %>
          <form action="<%= session_url %>" method="post">
            <% auth_token %>
            <input type="hidden" name="_method" value="delete">
            <input type="submit" value="Logout">
          </form>
        <% end %>
      </div>
    </nav>
    <main>
      <%= yield %>
    </main>
    <footer>
    <p>This is the footer</p>
    <p><a href="mailto:hege@example.com">hege@example.com</a></p>
    <%= yield: footer %>
    </footer>
  </body>
</html>:
  app/controllers/cats_controller.rb:7:in `index'

Started POST "/__better_errors/d23395109600718b/variables" for ::1 at 2023-02-20 21:46:24 -0500
Started GET "/" for ::1 at 2023-02-20 21:47:12 -0500
Processing by CatsController#index as HTML
  Rendering layout layouts/application.html.erb
  Rendering cats/index.html.erb within layouts/application
  [1m[36mCat Load (0.2ms)[0m  [1m[34mSELECT "cats".* FROM "cats"[0m
  ↳ app/views/cats/index.html.erb:14
  Rendered cats/index.html.erb within layouts/application (Duration: 2.0ms | Allocations: 1036)
  Rendered layout layouts/application.html.erb (Duration: 3.3ms | Allocations: 2871)
Completed 500 Internal Server Error in 4ms (ActiveRecord: 0.2ms | Allocations: 3564)



ActionView::SyntaxErrorInTemplate - Encountered a syntax error while rendering template: check <!DOCTYPE html>
<html>
  <head>
    <title>99 Cats</title>
    <link href="https://maxcdn.bootstrapcdn.com/font-awesome/4.7.0/css/font-awesome.min.css" rel="stylesheet" integrity="sha384-wvfXpqpZZVQGK6TAh5PVlGOfQNHSoD2xbE+QkPxCAFlNEevoEH3Sl0sibVcOQVnN" crossorigin="anonymous">
    <link href="https://fonts.googleapis.com/css?family=Amatic+SC:400,700" rel="stylesheet">
    <meta name="viewport" content="width=device-width,initial-scale=1">
    <%= csrf_meta_tags %>
    <%= csp_meta_tag %>
    <%= stylesheet_link_tag "application" %>
  </head>
  <body>
    <nav class="main-nav">
      <h1><a href="<%= cats_url %>">99 Cats</a></h1>
      <div>
        <% if current_user.nil? %>
          <a href="<%= new_session_url %>">Sign in</a>
          <a href="<%= new_user_url %>">Sign up</a>
        <% else %>
          <%= current_user.username %>
          <form action="<%= session_url %>" method="post">
            <% auth_token %>
            <input type="hidden" name="_method" value="delete">
            <input type="submit" value="Logout">
          </form>
        <% end %>
      </div>
    </nav>
    <main>
      <%= yield %>
    </main>
    <footer>
    <p>This is the footer</p>
    <p><a href="mailto:hege@example.com">hege@example.com</a></p>
    <%= yield: footer %>
    </footer>
  </body>
</html>:
  app/controllers/cats_controller.rb:7:in `index'

Started POST "/__better_errors/c3ccac54c2c13bee/variables" for ::1 at 2023-02-20 21:47:12 -0500
Started GET "/" for ::1 at 2023-02-20 21:49:09 -0500
Processing by CatsController#index as HTML
  Rendering layout layouts/application.html.erb
  Rendering cats/index.html.erb within layouts/application
  [1m[36mCat Load (0.2ms)[0m  [1m[34mSELECT "cats".* FROM "cats"[0m
  ↳ app/views/cats/index.html.erb:14
  Rendered cats/index.html.erb within layouts/application (Duration: 1.7ms | Allocations: 1037)
  [1m[36mUser Load (0.2ms)[0m  [1m[34mSELECT "users".* FROM "users" WHERE "users"."session_token" = $1 LIMIT $2[0m  [["session_token", "[FILTERED]"], ["LIMIT", 1]]
  ↳ app/controllers/application_controller.rb:9:in `current_user'
  Rendered layout layouts/application.html.erb (Duration: 5.3ms | Allocations: 3539)
Completed 200 OK in 6ms (Views: 5.9ms | ActiveRecord: 0.4ms | Allocations: 4252)


Started GET "/" for ::1 at 2023-02-20 21:49:10 -0500
Processing by CatsController#index as HTML
  Rendering layout layouts/application.html.erb
  Rendering cats/index.html.erb within layouts/application
  [1m[36mCat Load (0.3ms)[0m  [1m[34mSELECT "cats".* FROM "cats"[0m
  ↳ app/views/cats/index.html.erb:14
  Rendered cats/index.html.erb within layouts/application (Duration: 1.7ms | Allocations: 638)
  [1m[36mUser Load (0.2ms)[0m  [1m[34mSELECT "users".* FROM "users" WHERE "users"."session_token" = $1 LIMIT $2[0m  [["session_token", "[FILTERED]"], ["LIMIT", 1]]
  ↳ app/controllers/application_controller.rb:9:in `current_user'
  Rendered layout layouts/application.html.erb (Duration: 4.6ms | Allocations: 2491)
Completed 200 OK in 5ms (Views: 4.6ms | ActiveRecord: 0.5ms | Allocations: 2721)


Started GET "/" for ::1 at 2023-02-20 21:50:27 -0500
Processing by CatsController#index as HTML
  Rendering layout layouts/application.html.erb
  Rendering cats/index.html.erb within layouts/application
  [1m[36mCat Load (0.3ms)[0m  [1m[34mSELECT "cats".* FROM "cats"[0m
  ↳ app/views/cats/index.html.erb:14
  Rendered cats/index.html.erb within layouts/application (Duration: 2.5ms | Allocations: 1030)
  [1m[36mUser Load (0.2ms)[0m  [1m[34mSELECT "users".* FROM "users" WHERE "users"."session_token" = $1 LIMIT $2[0m  [["session_token", "[FILTERED]"], ["LIMIT", 1]]
  ↳ app/controllers/application_controller.rb:9:in `current_user'
  Rendered layout layouts/application.html.erb (Duration: 5.7ms | Allocations: 3498)
Completed 200 OK in 7ms (Views: 6.2ms | ActiveRecord: 0.5ms | Allocations: 4185)


Started GET "/" for ::1 at 2023-02-20 21:54:42 -0500
Processing by CatsController#index as HTML
  Rendering layout layouts/application.html.erb
  Rendering cats/index.html.erb within layouts/application
  [1m[36mCat Load (0.2ms)[0m  [1m[34mSELECT "cats".* FROM "cats"[0m
  ↳ app/views/cats/index.html.erb:14
  Rendered cats/index.html.erb within layouts/application (Duration: 1.8ms | Allocations: 1029)
  [1m[36mUser Load (0.3ms)[0m  [1m[34mSELECT "users".* FROM "users" WHERE "users"."session_token" = $1 LIMIT $2[0m  [["session_token", "[FILTERED]"], ["LIMIT", 1]]
  ↳ app/controllers/application_controller.rb:9:in `current_user'
  Rendered layout layouts/application.html.erb (Duration: 4.9ms | Allocations: 3491)
Completed 200 OK in 6ms (Views: 5.4ms | ActiveRecord: 0.6ms | Allocations: 4198)


Started GET "/cats/new" for ::1 at 2023-02-20 21:54:45 -0500
Processing by CatsController#new as HTML
  [1m[36mUser Load (0.3ms)[0m  [1m[34mSELECT "users".* FROM "users" WHERE "users"."session_token" = $1 LIMIT $2[0m  [["session_token", "[FILTERED]"], ["LIMIT", 1]]
  ↳ app/controllers/application_controller.rb:9:in `current_user'
  Rendering layout layouts/application.html.erb
  Rendering cats/new.html.erb within layouts/application
  Rendered shared/_errors.html.erb (Duration: 0.2ms | Allocations: 190)
  Rendered cats/_form.html.erb (Duration: 0.7ms | Allocations: 507)
  Rendered cats/new.html.erb within layouts/application (Duration: 1.6ms | Allocations: 1124)
  Rendered layout layouts/application.html.erb (Duration: 2.7ms | Allocations: 2267)
Completed 200 OK in 5ms (Views: 3.2ms | ActiveRecord: 0.3ms | Allocations: 3279)


